This is pdfTeX, Version 3.1415926-2.5-1.40.14 (TeX Live 2013/Debian) (format=pdflatex 2014.6.3)  2 JUL 2014 17:30
entering extended mode
 restricted \write18 enabled.
 %&-line parsing enabled.
**Project-Report-Template.tex
(./Project-Report-Template.tex
LaTeX2e <2011/06/27>
Babel <3.9h> and hyphenation patterns for 2 languages loaded.
(/usr/share/texlive/texmf-dist/tex/latex/base/book.cls
Document Class: book 2007/10/19 v1.4h Standard LaTeX document class
(/usr/share/texlive/texmf-dist/tex/latex/base/bk12.clo
File: bk12.clo 2007/10/19 v1.4h Standard LaTeX file (size option)
)
\c@part=\count79
\c@chapter=\count80
\c@section=\count81
\c@subsection=\count82
\c@subsubsection=\count83
\c@paragraph=\count84
\c@subparagraph=\count85
\c@figure=\count86
\c@table=\count87
\abovecaptionskip=\skip41
\belowcaptionskip=\skip42
\bibindent=\dimen102
)
(/usr/share/texlive/texmf-dist/tex/latex/geometry/geometry.sty
Package: geometry 2010/09/12 v5.6 Page Geometry

(/usr/share/texlive/texmf-dist/tex/latex/graphics/keyval.sty
Package: keyval 1999/03/16 v1.13 key=value parser (DPC)
\KV@toks@=\toks14
)
(/usr/share/texlive/texmf-dist/tex/generic/oberdiek/ifpdf.sty
Package: ifpdf 2011/01/30 v2.3 Provides the ifpdf switch (HO)
Package ifpdf Info: pdfTeX in PDF mode is detected.
)
(/usr/share/texlive/texmf-dist/tex/generic/oberdiek/ifvtex.sty
Package: ifvtex 2010/03/01 v1.5 Detect VTeX and its facilities (HO)
Package ifvtex Info: VTeX not detected.
)
(/usr/share/texlive/texmf-dist/tex/generic/ifxetex/ifxetex.sty
Package: ifxetex 2010/09/12 v0.6 Provides ifxetex conditional
)
\Gm@cnth=\count88
\Gm@cntv=\count89
\c@Gm@tempcnt=\count90
\Gm@bindingoffset=\dimen103
\Gm@wd@mp=\dimen104
\Gm@odd@mp=\dimen105
\Gm@even@mp=\dimen106
\Gm@layoutwidth=\dimen107
\Gm@layoutheight=\dimen108
\Gm@layouthoffset=\dimen109
\Gm@layoutvoffset=\dimen110
\Gm@dimlist=\toks15
)
(/usr/share/texlive/texmf-dist/tex/latex/graphics/graphicx.sty
Package: graphicx 1999/02/16 v1.0f Enhanced LaTeX Graphics (DPC,SPQR)

(/usr/share/texlive/texmf-dist/tex/latex/graphics/graphics.sty
Package: graphics 2009/02/05 v1.0o Standard LaTeX Graphics (DPC,SPQR)

(/usr/share/texlive/texmf-dist/tex/latex/graphics/trig.sty
Package: trig 1999/03/16 v1.09 sin cos tan (DPC)
)
(/usr/share/texlive/texmf-dist/tex/latex/latexconfig/graphics.cfg
File: graphics.cfg 2010/04/23 v1.9 graphics configuration of TeX Live
)
Package graphics Info: Driver file: pdftex.def on input line 91.

(/usr/share/texlive/texmf-dist/tex/latex/pdftex-def/pdftex.def
File: pdftex.def 2011/05/27 v0.06d Graphics/color for pdfTeX

(/usr/share/texlive/texmf-dist/tex/generic/oberdiek/infwarerr.sty
Package: infwarerr 2010/04/08 v1.3 Providing info/warning/error messages (HO)
)
(/usr/share/texlive/texmf-dist/tex/generic/oberdiek/ltxcmds.sty
Package: ltxcmds 2011/11/09 v1.22 LaTeX kernel commands for general use (HO)
)
\Gread@gobject=\count91
))
\Gin@req@height=\dimen111
\Gin@req@width=\dimen112
)
(/usr/share/texlive/texmf-dist/tex/latex/url/url.sty
\Urlmuskip=\muskip10
Package: url 2013/09/16  ver 3.4  Verb mode for urls, etc.
)
(/usr/share/texlive/texmf-dist/tex/latex/cite/chapterbib.sty
\c@inputfile=\count92
Package: chapterbib 2010/09/18  v 1.17
)
(/usr/share/texlive/texmf-dist/tex/latex/hyperref/hyperref.sty
Package: hyperref 2012/11/06 v6.83m Hypertext links for LaTeX

(/usr/share/texlive/texmf-dist/tex/generic/oberdiek/hobsub-hyperref.sty
Package: hobsub-hyperref 2012/05/28 v1.13 Bundle oberdiek, subset hyperref (HO)


(/usr/share/texlive/texmf-dist/tex/generic/oberdiek/hobsub-generic.sty
Package: hobsub-generic 2012/05/28 v1.13 Bundle oberdiek, subset generic (HO)
Package: hobsub 2012/05/28 v1.13 Construct package bundles (HO)
Package hobsub Info: Skipping package `infwarerr' (already loaded).
Package hobsub Info: Skipping package `ltxcmds' (already loaded).
Package: ifluatex 2010/03/01 v1.3 Provides the ifluatex switch (HO)
Package ifluatex Info: LuaTeX not detected.
Package hobsub Info: Skipping package `ifvtex' (already loaded).
Package: intcalc 2007/09/27 v1.1 Expandable calculations with integers (HO)
Package hobsub Info: Skipping package `ifpdf' (already loaded).
Package: etexcmds 2011/02/16 v1.5 Avoid name clashes with e-TeX commands (HO)
Package etexcmds Info: Could not find \expanded.
(etexcmds)             That can mean that you are not using pdfTeX 1.50 or
(etexcmds)             that some package has redefined \expanded.
(etexcmds)             In the latter case, load this package earlier.
Package: kvsetkeys 2012/04/25 v1.16 Key value parser (HO)
Package: kvdefinekeys 2011/04/07 v1.3 Define keys (HO)
Package: pdftexcmds 2011/11/29 v0.20 Utility functions of pdfTeX for LuaTeX (HO
)
Package pdftexcmds Info: LuaTeX not detected.
Package pdftexcmds Info: \pdf@primitive is available.
Package pdftexcmds Info: \pdf@ifprimitive is available.
Package pdftexcmds Info: \pdfdraftmode found.
Package: pdfescape 2011/11/25 v1.13 Implements pdfTeX's escape features (HO)
Package: bigintcalc 2012/04/08 v1.3 Expandable calculations on big integers (HO
)
Package: bitset 2011/01/30 v1.1 Handle bit-vector datatype (HO)
Package: uniquecounter 2011/01/30 v1.2 Provide unlimited unique counter (HO)
)
Package hobsub Info: Skipping package `hobsub' (already loaded).
Package: letltxmacro 2010/09/02 v1.4 Let assignment for LaTeX macros (HO)
Package: hopatch 2012/05/28 v1.2 Wrapper for package hooks (HO)
Package: xcolor-patch 2011/01/30 xcolor patch
Package: atveryend 2011/06/30 v1.8 Hooks at the very end of document (HO)
Package atveryend Info: \enddocument detected (standard20110627).
Package: atbegshi 2011/10/05 v1.16 At begin shipout hook (HO)
Package: refcount 2011/10/16 v3.4 Data extraction from label references (HO)
Package: hycolor 2011/01/30 v1.7 Color options for hyperref/bookmark (HO)
)
(/usr/share/texlive/texmf-dist/tex/latex/oberdiek/auxhook.sty
Package: auxhook 2011/03/04 v1.3 Hooks for auxiliary files (HO)
)
(/usr/share/texlive/texmf-dist/tex/latex/oberdiek/kvoptions.sty
Package: kvoptions 2011/06/30 v3.11 Key value format for package options (HO)
)
\@linkdim=\dimen113
\Hy@linkcounter=\count93
\Hy@pagecounter=\count94

(/usr/share/texlive/texmf-dist/tex/latex/hyperref/pd1enc.def
File: pd1enc.def 2012/11/06 v6.83m Hyperref: PDFDocEncoding definition (HO)
)
\Hy@SavedSpaceFactor=\count95

(/usr/share/texlive/texmf-dist/tex/latex/latexconfig/hyperref.cfg
File: hyperref.cfg 2002/06/06 v1.2 hyperref configuration of TeXLive
)
Package hyperref Info: Hyper figures OFF on input line 4443.
Package hyperref Info: Link nesting OFF on input line 4448.
Package hyperref Info: Hyper index ON on input line 4451.
Package hyperref Info: Plain pages OFF on input line 4458.
Package hyperref Info: Backreferencing OFF on input line 4463.
Package hyperref Info: Implicit mode ON; LaTeX internals redefined.
Package hyperref Info: Bookmarks ON on input line 4688.
\c@Hy@tempcnt=\count96
LaTeX Info: Redefining \url on input line 5041.
\XeTeXLinkMargin=\dimen114
\Fld@menulength=\count97
\Field@Width=\dimen115
\Fld@charsize=\dimen116
Package hyperref Info: Hyper figures OFF on input line 6295.
Package hyperref Info: Link nesting OFF on input line 6300.
Package hyperref Info: Hyper index ON on input line 6303.
Package hyperref Info: backreferencing OFF on input line 6310.
Package hyperref Info: Link coloring OFF on input line 6315.
Package hyperref Info: Link coloring with OCG OFF on input line 6320.
Package hyperref Info: PDF/A mode OFF on input line 6325.
LaTeX Info: Redefining \ref on input line 6365.
LaTeX Info: Redefining \pageref on input line 6369.
\Hy@abspage=\count98
\c@Item=\count99
\c@Hfootnote=\count100
)

Package hyperref Message: Driver (autodetected): hpdftex.

(/usr/share/texlive/texmf-dist/tex/latex/hyperref/hpdftex.def
File: hpdftex.def 2012/11/06 v6.83m Hyperref driver for pdfTeX
\Fld@listcount=\count101
\c@bookmark@seq@number=\count102

(/usr/share/texlive/texmf-dist/tex/latex/oberdiek/rerunfilecheck.sty
Package: rerunfilecheck 2011/04/15 v1.7 Rerun checks for auxiliary files (HO)
Package uniquecounter Info: New unique counter `rerunfilecheck' on input line 2
82.
)
\Hy@SectionHShift=\skip43
)
(/usr/share/texlive/texmf-dist/tex/latex/graphics/lscape.sty
Package: lscape 2000/10/22 v3.01 Landscape Pages (DPC)
)
(/usr/share/texlive/texmf-dist/tex/latex/tools/longtable.sty
Package: longtable 2004/02/01 v4.11 Multi-page Table package (DPC)
\LTleft=\skip44
\LTright=\skip45
\LTpre=\skip46
\LTpost=\skip47
\LTchunksize=\count103
\LTcapwidth=\dimen117
\LT@head=\box26
\LT@firsthead=\box27
\LT@foot=\box28
\LT@lastfoot=\box29
\LT@cols=\count104
\LT@rows=\count105
\c@LT@tables=\count106
\c@LT@chunks=\count107
\LT@p@ftn=\toks16
)
(/usr/share/texlive/texmf-dist/tex/latex/float/float.sty
Package: float 2001/11/08 v1.3d Float enhancements (AL)
\c@float@type=\count108
\float@exts=\toks17
\float@box=\box30
\@float@everytoks=\toks18
\@floatcapt=\box31
)
(/usr/share/texlive/texmf-dist/tex/latex/tools/multicol.sty
Package: multicol 2011/06/27 v1.7a multicolumn formatting (FMi)
\c@tracingmulticols=\count109
\mult@box=\box32
\multicol@leftmargin=\dimen118
\c@unbalance=\count110
\c@collectmore=\count111
\doublecol@number=\count112
\multicoltolerance=\count113
\multicolpretolerance=\count114
\full@width=\dimen119
\page@free=\dimen120
\premulticols=\dimen121
\postmulticols=\dimen122
\multicolsep=\skip48
\multicolbaselineskip=\skip49
\partial@page=\box33
\last@line=\box34
\mult@rightbox=\box35
\mult@grightbox=\box36
\mult@gfirstbox=\box37
\mult@firstbox=\box38
\@tempa=\box39
\@tempa=\box40
\@tempa=\box41
\@tempa=\box42
\@tempa=\box43
\@tempa=\box44
\@tempa=\box45
\@tempa=\box46
\@tempa=\box47
\@tempa=\box48
\@tempa=\box49
\@tempa=\box50
\@tempa=\box51
\@tempa=\box52
\@tempa=\box53
\@tempa=\box54
\@tempa=\box55
\c@columnbadness=\count115
\c@finalcolumnbadness=\count116
\last@try=\dimen123
\multicolovershoot=\dimen124
\multicolundershoot=\dimen125
\mult@nat@firstbox=\box56
\colbreak@box=\box57
\multicol@sort@counter=\count117
)
(/usr/share/texlive/texmf-dist/tex/latex/graphics/color.sty
Package: color 2005/11/14 v1.0j Standard LaTeX Color (DPC)

(/usr/share/texlive/texmf-dist/tex/latex/latexconfig/color.cfg
File: color.cfg 2007/01/18 v1.5 color configuration of teTeX/TeXLive
)
Package color Info: Driver file: pdftex.def on input line 130.
)
(/usr/share/texlive/texmf-dist/tex/latex/multirow/multirow.sty
\bigstrutjot=\dimen126
)
(/usr/share/texlive/texmf-dist/tex/latex/listings/listings.sty
\lst@mode=\count118
\lst@gtempboxa=\box58
\lst@token=\toks19
\lst@length=\count119
\lst@currlwidth=\dimen127
\lst@column=\count120
\lst@pos=\count121
\lst@lostspace=\dimen128
\lst@width=\dimen129
\lst@newlines=\count122
\lst@lineno=\count123
\lst@maxwidth=\dimen130

(/usr/share/texlive/texmf-dist/tex/latex/listings/lstmisc.sty
File: lstmisc.sty 2013/08/26 1.5b (Carsten Heinz)
\c@lstnumber=\count124
\lst@skipnumbers=\count125
\lst@framebox=\box59
)
(/usr/share/texlive/texmf-dist/tex/latex/listings/listings.cfg
File: listings.cfg 2013/08/26 1.5b listings configuration
))
Package: listings 2013/08/26 1.5b (Carsten Heinz)

(/usr/share/texlive/texmf-dist/tex/latex/subfigure/subfigure.sty
Package: subfigure 2002/03/15 v2.1.5 subfigure package
\subfigtopskip=\skip50
\subfigcapskip=\skip51
\subfigcaptopadj=\dimen131
\subfigbottomskip=\skip52
\subfigcapmargin=\dimen132
\subfiglabelskip=\skip53
\c@subfigure=\count126
\c@lofdepth=\count127
\c@subtable=\count128
\c@lotdepth=\count129

****************************************
* Local config file subfigure.cfg used *
****************************************
(/usr/share/texlive/texmf-dist/tex/latex/subfigure/subfigure.cfg)
\subfig@top=\skip54
\subfig@bottom=\skip55
)
(/usr/share/texlive/texmf-dist/tex/latex/tools/tabularx.sty
Package: tabularx 1999/01/07 v2.07 `tabularx' package (DPC)

(/usr/share/texlive/texmf-dist/tex/latex/tools/array.sty
Package: array 2008/09/09 v2.4c Tabular extension package (FMi)
\col@sep=\dimen133
\extrarowheight=\dimen134
\NC@list=\toks20
\extratabsurround=\skip56
\backup@length=\skip57
)
\TX@col@width=\dimen135
\TX@old@table=\dimen136
\TX@old@col=\dimen137
\TX@target=\dimen138
\TX@delta=\dimen139
\TX@cols=\count130
\TX@ftn=\toks21
)
(/usr/share/texlive/texmf-dist/tex/latex/ms/ragged2e.sty
Package: ragged2e 2009/05/21 v2.1 ragged2e Package (MS)

(/usr/share/texlive/texmf-dist/tex/latex/ms/everysel.sty
Package: everysel 2011/10/28 v1.2 EverySelectfont Package (MS)
)
\CenteringLeftskip=\skip58
\RaggedLeftLeftskip=\skip59
\RaggedRightLeftskip=\skip60
\CenteringRightskip=\skip61
\RaggedLeftRightskip=\skip62
\RaggedRightRightskip=\skip63
\CenteringParfillskip=\skip64
\RaggedLeftParfillskip=\skip65
\RaggedRightParfillskip=\skip66
\JustifyingParfillskip=\skip67
\CenteringParindent=\skip68
\RaggedLeftParindent=\skip69
\RaggedRightParindent=\skip70
\JustifyingParindent=\skip71
)
(/usr/share/texlive/texmf-dist/tex/latex/booktabs/booktabs.sty
Package: booktabs 2005/04/14 v1.61803 publication quality tables
\heavyrulewidth=\dimen140
\lightrulewidth=\dimen141
\cmidrulewidth=\dimen142
\belowrulesep=\dimen143
\belowbottomsep=\dimen144
\aboverulesep=\dimen145
\abovetopsep=\dimen146
\cmidrulesep=\dimen147
\cmidrulekern=\dimen148
\defaultaddspace=\dimen149
\@cmidla=\count131
\@cmidlb=\count132
\@aboverulesep=\dimen150
\@belowrulesep=\dimen151
\@thisruleclass=\count133
\@lastruleclass=\count134
\@thisrulewidth=\dimen152
)
(/usr/share/texlive/texmf-dist/tex/latex/caption/caption.sty
Package: caption 2013/05/02 v3.3-89 Customizing captions (AR)

(/usr/share/texlive/texmf-dist/tex/latex/caption/caption3.sty
Package: caption3 2013/05/02 v1.6-88 caption3 kernel (AR)
Package caption3 Info: TeX engine: e-TeX on input line 57.
\captionmargin=\dimen153
\captionmargin@=\dimen154
\captionwidth=\dimen155
\caption@tempdima=\dimen156
\caption@indent=\dimen157
\caption@parindent=\dimen158
\caption@hangindent=\dimen159
)
\c@ContinuedFloat=\count135
Package caption Info: float package is loaded.
Package caption Info: hyperref package is loaded.
Package caption Info: listings package is loaded.
Package caption Info: longtable package is loaded.

(/usr/share/texlive/texmf-dist/tex/latex/caption/ltcaption.sty
Package: ltcaption 2013/02/03 v1.3-62 longtable captions (AR)
)
Package caption Info: subfigure package is loaded.
)
(/usr/share/texlive/texmf-dist/tex/latex/placeins/placeins.sty
Package: placeins 2005/04/18  v 2.2
)
(/usr/share/texlive/texmf-dist/tex/latex/appendix/appendix.sty
Package: appendix 2009/09/02 v1.2b extra appendix facilities
\c@@pps=\count136
\c@@ppsavesec=\count137
\c@@ppsaveapp=\count138
)
(./Project-Report-Template.aux)
\openout1 = `Project-Report-Template.aux'.

LaTeX Font Info:    Checking defaults for OML/cmm/m/it on input line 41.
LaTeX Font Info:    ... okay on input line 41.
LaTeX Font Info:    Checking defaults for T1/cmr/m/n on input line 41.
LaTeX Font Info:    ... okay on input line 41.
LaTeX Font Info:    Checking defaults for OT1/cmr/m/n on input line 41.
LaTeX Font Info:    ... okay on input line 41.
LaTeX Font Info:    Checking defaults for OMS/cmsy/m/n on input line 41.
LaTeX Font Info:    ... okay on input line 41.
LaTeX Font Info:    Checking defaults for OMX/cmex/m/n on input line 41.
LaTeX Font Info:    ... okay on input line 41.
LaTeX Font Info:    Checking defaults for U/cmr/m/n on input line 41.
LaTeX Font Info:    ... okay on input line 41.
LaTeX Font Info:    Checking defaults for PD1/pdf/m/n on input line 41.
LaTeX Font Info:    ... okay on input line 41.

*geometry* driver: auto-detecting
*geometry* detected driver: pdftex
*geometry* verbose mode - [ preamble ] result:
* driver: pdftex
* paper: a4paper
* layout: <same size as paper>
* layoutoffset:(h,v)=(0.0pt,0.0pt)
* modes: twoside 
* h-part:(L,W,R)=(86.72377pt, 438.51411pt, 72.26999pt)
* v-part:(T,H,B)=(72.26999pt, 700.50687pt, 72.26999pt)
* \paperwidth=597.50787pt
* \paperheight=845.04684pt
* \textwidth=438.51411pt
* \textheight=700.50687pt
* \oddsidemargin=14.45378pt
* \evensidemargin=0.0pt
* \topmargin=-31.8738pt
* \headheight=12.0pt
* \headsep=19.8738pt
* \topskip=12.0pt
* \footskip=30.0pt
* \marginparwidth=98.0pt
* \marginparsep=7.0pt
* \columnsep=10.0pt
* \skip\footins=10.8pt plus 4.0pt minus 2.0pt
* \hoffset=0.0pt
* \voffset=0.0pt
* \mag=1000
* \@twocolumnfalse
* \@twosidetrue
* \@mparswitchtrue
* \@reversemarginfalse
* (1in=72.27pt=25.4mm, 1cm=28.453pt)

(/usr/share/texlive/texmf-dist/tex/context/base/supp-pdf.mkii
[Loading MPS to PDF converter (version 2006.09.02).]
\scratchcounter=\count139
\scratchdimen=\dimen160
\scratchbox=\box60
\nofMPsegments=\count140
\nofMParguments=\count141
\everyMPshowfont=\toks22
\MPscratchCnt=\count142
\MPscratchDim=\dimen161
\MPnumerator=\count143
\makeMPintoPDFobject=\count144
\everyMPtoPDFconversion=\toks23
) (/usr/share/texlive/texmf-dist/tex/latex/oberdiek/epstopdf-base.sty
Package: epstopdf-base 2010/02/09 v2.5 Base part for package epstopdf

(/usr/share/texlive/texmf-dist/tex/latex/oberdiek/grfext.sty
Package: grfext 2010/08/19 v1.1 Manage graphics extensions (HO)
)
Package grfext Info: Graphics extension search list:
(grfext)             [.png,.pdf,.jpg,.mps,.jpeg,.jbig2,.jb2,.PNG,.PDF,.JPG,.JPE
G,.JBIG2,.JB2,.eps]
(grfext)             \AppendGraphicsExtensions on input line 452.

(/usr/share/texlive/texmf-dist/tex/latex/latexconfig/epstopdf-sys.cfg
File: epstopdf-sys.cfg 2010/07/13 v1.3 Configuration of (r)epstopdf for TeX Liv
e
))
\AtBeginShipoutBox=\box61
Package hyperref Info: Link coloring OFF on input line 41.

(/usr/share/texlive/texmf-dist/tex/latex/hyperref/nameref.sty
Package: nameref 2012/10/27 v2.43 Cross-referencing by name of section

(/usr/share/texlive/texmf-dist/tex/generic/oberdiek/gettitlestring.sty
Package: gettitlestring 2010/12/03 v1.4 Cleanup title references (HO)
)
\c@section@level=\count145
)
LaTeX Info: Redefining \ref on input line 41.
LaTeX Info: Redefining \pageref on input line 41.
LaTeX Info: Redefining \nameref on input line 41.

(./Project-Report-Template.out) (./Project-Report-Template.out)
\@outlinefile=\write3
\openout3 = `Project-Report-Template.out'.

\c@lstlisting=\count146

ABD: EverySelectfont initializing macros
LaTeX Info: Redefining \selectfont on input line 41.
Package caption Info: Begin \AtBeginDocument code.
Package caption Info: End \AtBeginDocument code.

<IITB_logo.png, id=152, 67.2111pt x 70.1019pt>
File: IITB_logo.png Graphic file (type png)
 <use IITB_logo.png>
Package pdftex.def Info: IITB_logo.png used on input line 48.
(pdftex.def)             Requested size: 85.35826pt x 89.02946pt.
LaTeX Font Info:    External font `cmex10' loaded for size
(Font)              <20.74> on input line 56.
LaTeX Font Info:    External font `cmex10' loaded for size
(Font)              <14.4> on input line 56.
LaTeX Font Info:    External font `cmex10' loaded for size
(Font)              <12> on input line 56.
LaTeX Font Info:    External font `cmex10' loaded for size
(Font)              <17.28> on input line 64.

<svnit.jpg, id=154, 229.85875pt x 220.825pt>
File: svnit.jpg Graphic file (type jpg)
 <use svnit.jpg>
Package pdftex.def Info: svnit.jpg used on input line 69.
(pdftex.def)             Requested size: 71.13188pt x 68.3371pt.

<manit.jpg, id=155, 87.2058pt x 93.7101pt>
File: manit.jpg Graphic file (type jpg)
 <use manit.jpg>
Package pdftex.def Info: manit.jpg used on input line 70.
(pdftex.def)             Requested size: 71.13188pt x 76.43811pt.
 [1


{/var/lib/texmf/fonts/map/pdftex/updmap/pdftex.map} <./IITB_logo.png> <./svnit.
jpg> <./manit.jpg>]
Underfull \vbox (badness 10000) has occurred while \output is active []

 [2]
LaTeX Font Info:    External font `cmex10' loaded for size
(Font)              <8> on input line 99.
LaTeX Font Info:    External font `cmex10' loaded for size
(Font)              <6> on input line 99.

Underfull \hbox (badness 10000) in paragraph at lines 99--103

 []

[3]
Underfull \vbox (badness 10000) has occurred while \output is active []

 [4]
[5] [6

] [7] [8

] [1] [2

] (./Project-Report-Template.lof)
\tf@lof=\write4
\openout4 = `Project-Report-Template.lof'.

 [3] [4

]
(./Project-Report-Template.lot)
\tf@lot=\write5
\openout5 = `Project-Report-Template.lot'.

 [5] [6

] (./Project-Report-Template.toc [7])
\tf@toc=\write6
\openout6 = `Project-Report-Template.toc'.


[8]
Chapter 1.

Underfull \hbox (badness 10000) in paragraph at lines 193--196

 []


Underfull \hbox (badness 10000) in paragraph at lines 197--201

 []


Underfull \hbox (badness 10000) in paragraph at lines 202--206

 []

pdfTeX warning (ext4): destination with the same identifier (name{page.1}) has 
been already used, duplicate ignored
<to be read again> 
                   \relax 
l.212 \section
              {Hadoop} [1


]
Underfull \hbox (badness 10000) in paragraph at lines 213--217

 []

pdfTeX warning (ext4): destination with the same identifier (name{page.2}) has 
been already used, duplicate ignored
<to be read again> 
                   \relax 
l.223 \chapter
              {Apache Hadoop} [2]
Chapter 2.
LaTeX Font Info:    Try loading font information for OMS+cmr on input line 228.

(/usr/share/texlive/texmf-dist/tex/latex/base/omscmr.fd
File: omscmr.fd 1999/05/25 v2.5h Standard LaTeX font definitions
)
LaTeX Font Info:    Font shape `OMS/cmr/m/n' in size <12> not available
(Font)              Font shape `OMS/cmsy/m/n' tried instead on input line 228.

Overfull \hbox (23.66998pt too wide) in paragraph at lines 250--251
[]\OT1/cmr/m/n/12 Hadoop Com-mands Ref-er-ences: All hadoop com-mands are in-vo
ked by the bin/hadoop
 []

pdfTeX warning (ext4): destination with the same identifier (name{page.3}) has 
been already used, duplicate ignored
<to be read again> 
                   \relax 
l.251    \begin{enumerate}
                           [3

]
<./hadoop_archi.png, id=340, 617.30624pt x 308.15125pt>
File: ./hadoop_archi.png Graphic file (type png)

<use ./hadoop_archi.png>
Package pdftex.def Info: ./hadoop_archi.png used on input line 269.
(pdftex.def)             Requested size: 426.79134pt x 213.05246pt.
pdfTeX warning (ext4): destination with the same identifier (name{page.4}) has 
been already used, duplicate ignored
<to be read again> 
                   \relax 
l.283 \item D
             ata Replication: [4 <./hadoop_archi.png>]
<./yarn_archi.png, id=353, 510.90875pt x 395.4775pt>
File: ./yarn_archi.png Graphic file (type png)
 <use ./yarn_archi.png>
Package pdftex.def Info: ./yarn_archi.png used on input line 307.
(pdftex.def)             Requested size: 426.7905pt x 284.53236pt.

Underfull \hbox (badness 10000) in paragraph at lines 316--322

 []


Underfull \hbox (badness 10000) in paragraph at lines 316--322

 []

pdfTeX warning (ext4): destination with the same identifier (name{page.5}) has 
been already used, duplicate ignored
<to be read again> 
                   \relax 
l.326  \item R
              educer: It reduces a set of intermediate values which share a ...
[5] <./mapper.png, id=367, 446.66875pt x 461.725pt>
File: ./mapper.png Graphic file (type png)
 <use ./mapper.png>
Package pdftex.def Info: ./mapper.png used on input line 334.
(pdftex.def)             Requested size: 284.53116pt x 284.52634pt.
Missing character: There is no ‚ in font cmtt10!
Missing character: There is no Ä in font cmtt10!
Missing character: There is no ì in font cmtt10!

Underfull \hbox (badness 10000) in paragraph at lines 343--348

 []

pdfTeX warning (ext4): destination with the same identifier (name{page.6}) has 
been already used, duplicate ignored
<to be read again> 
                   \relax 
l.348  \item J
              ava jdk(6 or higher) [6 <./yarn_archi.png>]
Underfull \hbox (badness 10000) in paragraph at lines 348--352

 []

Missing character: There is no ‚ in font cmtt10!
Missing character: There is no Ä in font cmtt10!
Missing character: There is no ù in font cmtt10!
Missing character: There is no ‚ in font cmtt10!
Missing character: There is no Ä in font cmtt10!
Missing character: There is no ù in font cmtt10!

Underfull \hbox (badness 10000) in paragraph at lines 352--356

 []


Underfull \hbox (badness 10000) in paragraph at lines 367--375

 []


Overfull \hbox (37.10669pt too wide) in paragraph at lines 367--375
[]\OT1/cmtt/m/n/10 wget http://apache.mirrors.lucidnetworks.net/hadoop/common/s
table/hadoop-2.2.0.tar.gz 
 []


Underfull \hbox (badness 10000) in paragraph at lines 367--375

 []

pdfTeX warning (ext4): destination with the same identifier (name{page.7}) has 
been already used, duplicate ignored
<to be read again> 
                   \relax 
l.375 
       [7 <./mapper.png>]
Underfull \hbox (badness 10000) in paragraph at lines 376--392

 []


Underfull \hbox (badness 10000) in paragraph at lines 376--392

 []


Underfull \hbox (badness 10000) in paragraph at lines 392--399

 []

LaTeX Font Info:    External font `cmex10' loaded for size
(Font)              <7> on input line 405.
LaTeX Font Info:    External font `cmex10' loaded for size
(Font)              <5> on input line 405.

Underfull \hbox (badness 10000) in paragraph at lines 400--406

 []


Underfull \hbox (badness 10000) in paragraph at lines 400--406

 []


Underfull \hbox (badness 10000) in paragraph at lines 406--412

 []


Underfull \hbox (badness 10000) in paragraph at lines 406--412

 []


Underfull \hbox (badness 10000) in paragraph at lines 412--422

 []


Underfull \hbox (badness 10000) in paragraph at lines 412--422

 []

pdfTeX warning (ext4): destination with the same identifier (name{page.8}) has 
been already used, duplicate ignored
<to be read again> 
                   \relax 
l.422  \item h
              dfs-site.xml\\ [8]
Underfull \hbox (badness 10000) in paragraph at lines 422--435

 []


Underfull \hbox (badness 10000) in paragraph at lines 422--435

 []


Underfull \hbox (badness 10000) in paragraph at lines 422--435

 []


Underfull \hbox (badness 10000) in paragraph at lines 436--441

 []


Underfull \hbox (badness 10000) in paragraph at lines 436--441

 []


Underfull \hbox (badness 10000) in paragraph at lines 441--445

 []


Underfull \hbox (badness 10000) in paragraph at lines 441--445

 []


Underfull \hbox (badness 10000) in paragraph at lines 445--455

 []


Underfull \hbox (badness 10000) in paragraph at lines 445--455

 []

[9]
Underfull \hbox (badness 10000) in paragraph at lines 463--471

 []


Underfull \hbox (badness 10000) in paragraph at lines 463--471

 []


Underfull \hbox (badness 10000) in paragraph at lines 471--477

 []


Underfull \hbox (badness 10000) in paragraph at lines 471--477

 []


Underfull \hbox (badness 10000) in paragraph at lines 471--477

 []


Overfull \hbox (26.7294pt too wide) in paragraph at lines 478--481
[]\OT1/cmr/bx/n/12 Configuration files \OT1/cmr/m/n/12 Add or mod-ify the fol-l
ow-ing prop-er-ties be-tween $\OML/cmm/m/it/12 <$\OT1/cmr/m/n/12 configuration$
\OML/cmm/m/it/12 >$
 []


Underfull \hbox (badness 10000) in paragraph at lines 482--488

 []


Underfull \hbox (badness 10000) in paragraph at lines 488--494

 []

[10]
Underfull \hbox (badness 10000) in paragraph at lines 503--507

 []


Underfull \hbox (badness 10000) in paragraph at lines 508--526

 []


Underfull \hbox (badness 10000) in paragraph at lines 508--526

 []


Underfull \hbox (badness 10000) in paragraph at lines 508--526

 []

[11]
Underfull \hbox (badness 10000) in paragraph at lines 541--548

 []

LaTeX Font Info:    Try loading font information for OMS+cmtt on input line 566
.
LaTeX Font Info:    No file OMScmtt.fd. on input line 566.

LaTeX Font Warning: Font shape `OMS/cmtt/m/n' undefined
(Font)              using `OMS/cmsy/m/n' instead
(Font)              for symbol `textbraceleft' on input line 566.


Underfull \hbox (badness 10000) in paragraph at lines 549--581

 []


Underfull \hbox (badness 10000) in paragraph at lines 549--581

 []


Underfull \hbox (badness 10000) in paragraph at lines 549--581

 []


Underfull \hbox (badness 10000) in paragraph at lines 549--581

 []


Underfull \hbox (badness 10000) in paragraph at lines 549--581

 []


Underfull \hbox (badness 10000) in paragraph at lines 549--581

 []


Underfull \hbox (badness 10000) in paragraph at lines 549--581

 []


Underfull \hbox (badness 10000) in paragraph at lines 549--581

 []


Underfull \hbox (badness 10000) in paragraph at lines 549--581

 []

[12]
Underfull \hbox (badness 10000) in paragraph at lines 582--600

 []


Underfull \hbox (badness 10000) in paragraph at lines 582--600

 []


Underfull \hbox (badness 10000) in paragraph at lines 582--600

 []


Underfull \hbox (badness 10000) in paragraph at lines 582--600

 []

<./ganglia.png, id=418, 1371.1225pt x 770.88pt>
File: ./ganglia.png Graphic file (type png)
 <use ./ganglia.png>
Package pdftex.def Info: ./ganglia.png used on input line 606.
(pdftex.def)             Requested size: 426.79134pt x 239.94662pt.

Overfull \hbox (10.42714pt too wide) in paragraph at lines 600--612
[]\OT1/cmr/bx/n/12 Using Gan-glia \OT1/cmr/m/n/12 Start a web browser and type 
in the fol-low-ing ad-dress : \OT1/cmr/bx/n/12 http://ip-
 []

[13]
Overfull \hbox (5.60696pt too wide) in paragraph at lines 643--646
[]\OT1/cmtt/m/n/10 wget http://apache.mirrors.hoobly.com/hive/stable/apache-hiv
e-0.13.0-bin.tar.gz 
 []


Underfull \hbox (badness 10000) in paragraph at lines 643--646

 []

[14 <./ganglia.png>]
Underfull \hbox (badness 10000) in paragraph at lines 646--652

 []

[15] [16

]
Chapter 3.
<Schema.png, id=450, 674.52pt x 397.485pt>
File: Schema.png Graphic file (type png)
 <use Schema.png>
Package pdftex.def Info: Schema.png used on input line 685.
(pdftex.def)             Requested size: 426.80247pt x 199.17262pt.
 [17 <./Schema.png (PNG copy)>]
Underfull \hbox (badness 10000) in paragraph at lines 689--694

 []

(/usr/share/texlive/texmf-dist/tex/latex/listings/lstlang1.sty
File: lstlang1.sty 2013/08/26 1.5b listings language file
)
(/usr/share/texlive/texmf-dist/tex/latex/listings/lstmisc.sty
File: lstmisc.sty 2013/08/26 1.5b (Carsten Heinz)
)
Underfull \hbox (badness 10000) in paragraph at lines 731--736

 []

[18] <review.png, id=485, 448.67625pt x 279.0425pt>
File: review.png Graphic file (type png)
 <use review.png>
Package pdftex.def Info: review.png used on input line 758.
(pdftex.def)             Requested size: 426.79134pt x 265.44226pt.


LaTeX Warning: Citation `springe' in file `Project-Report-Template' on page 19 
undefined on input line 765.

<workload.png, id=489, 688.5725pt x 260.975pt>
File: workload.png Graphic file (type png)
 <use workload.png>
Package pdftex.def Info: workload.png used on input line 772.
(pdftex.def)             Requested size: 369.88582pt x 140.1877pt.
 [19 <./review.png>]

Package caption Warning: \captionsetup{type*=...} or \captionof
(caption)                outside box or environment on input line 781.
See the caption package documentation for explanation.


Package caption Warning: The option `hypcap=true' will be ignored for this
(caption)                particular \caption on input line 781.
See the caption package documentation for explanation.

[20 <./workload.png (PNG copy)>]
Underfull \hbox (badness 10000) in paragraph at lines 819--821

 []


Underfull \hbox (badness 10000) in paragraph at lines 822--830

 []


Package caption Warning: The option `hypcap=true' will be ignored for this
(caption)                particular \caption on input line 832.
See the caption package documentation for explanation.

(/usr/share/texlive/texmf-dist/tex/latex/listings/lstlang1.sty
File: lstlang1.sty 2013/08/26 1.5b listings language file
)
Package hyperref Info: bookmark level for unknown lstlisting defaults to 0 on i
nput line 850.
 [21]
(/usr/share/texlive/texmf-dist/tex/latex/listings/lstlang1.sty
File: lstlang1.sty 2013/08/26 1.5b listings language file
)
LaTeX Font Info:    Font shape `OT1/cmtt/bx/n' in size <12> not available
(Font)              Font shape `OT1/cmtt/m/n' tried instead on input line 865.

(/usr/share/texlive/texmf-dist/tex/latex/listings/lstlang1.sty
File: lstlang1.sty 2013/08/26 1.5b listings language file
)
Underfull \hbox (badness 10000) in paragraph at lines 884--890
[]\OT1/cmr/m/n/12 This data on the clus-ter is then used to pop-u-late the Hive
 ta-
 []


Underfull \hbox (badness 8038) in paragraph at lines 884--890
\OT1/cmr/m/n/12 bles us-ing a script con-tain-ing HiveQL state-ments. It is lo-
cated at
 []


Underfull \hbox (badness 10000) in paragraph at lines 884--890

 []

[22]
Underfull \hbox (badness 10000) in paragraph at lines 909--911
[]\OT1/cmr/m/n/12 Now, the queries can be ex-e-cuted on the clus-ter. The scrip
t
 []


Underfull \hbox (badness 10000) in paragraph at lines 909--911
\OT1/cmr/m/n/12 $BIG[]BENCH[]BASH[]SCRIPT[]DIR/bigBenchRunQuery.sh qnum can be 
used
 []


Overfull \hbox (5.8242pt too wide) in paragraph at lines 924--926
[][][][][][][][][][][][][][][][][][][][][][][] 
 []

[23] [24]
Chapter 4.

Underfull \hbox (badness 10000) in paragraph at lines 993--995

 []

<slave2memfinal.png, id=627, 900.36375pt x 675.52374pt>
File: slave2memfinal.png Graphic file (type png)

<use slave2memfinal.png>
Package pdftex.def Info: slave2memfinal.png used on input line 1012.
(pdftex.def)             Requested size: 426.79134pt x 320.21742pt.
 [25

]
<networkfinal.png, id=637, 900.36375pt x 675.52374pt>
File: networkfinal.png Graphic file (type png)
 <use networkfinal.png>
Package pdftex.def Info: networkfinal.png used on input line 1019.
(pdftex.def)             Requested size: 426.79134pt x 320.21742pt.

Underfull \vbox (badness 10000) has occurred while \output is active []

 [26 <./slave2memfinal.png>]

Package caption Warning: The option `hypcap=true' will be ignored for this
(caption)                particular \caption on input line 1030.
See the caption package documentation for explanation.


Underfull \hbox (badness 10000) in paragraph at lines 1023--1030

 []

Package epstopdf Info: Source file: <bar_comparison.eps>
(epstopdf)                    date: 2014-07-02 08:19:59
(epstopdf)                    size: 22528 bytes
(epstopdf)             Output file: <bar_comparison-eps-converted-to.pdf>
(epstopdf)                    date: 2014-07-02 08:49:42
(epstopdf)                    size: 7425 bytes
(epstopdf)             Command: <repstopdf --outfile=bar_comparison-eps-convert
ed-to.pdf bar_comparison.eps>
(epstopdf)             \includegraphics on input line 1061.
Package epstopdf Info: Output file is already uptodate.
<bar_comparison-eps-converted-to.pdf, id=645, 361.35pt x 252.945pt>
File: bar_comparison-eps-converted-to.pdf Graphic file (type pdf)

<use bar_comparison-eps-converted-to.pdf>
Package pdftex.def Info: bar_comparison-eps-converted-to.pdf used on input line
 1061.
(pdftex.def)             Requested size: 341.43306pt x 239.0034pt.
Package epstopdf Info: Source file: <line_comparison.eps>
(epstopdf)                    date: 2014-07-02 08:20:02
(epstopdf)                    size: 20029 bytes
(epstopdf)             Output file: <line_comparison-eps-converted-to.pdf>
(epstopdf)                    date: 2014-07-02 08:49:42
(epstopdf)                    size: 7536 bytes
(epstopdf)             Command: <repstopdf --outfile=line_comparison-eps-conver
ted-to.pdf line_comparison.eps>
(epstopdf)             \includegraphics on input line 1066.
Package epstopdf Info: Output file is already uptodate.

<line_comparison-eps-converted-to.pdf, id=646, 361.35pt x 252.945pt>
File: line_comparison-eps-converted-to.pdf Graphic file (type pdf)

<use line_comparison-eps-converted-to.pdf>
Package pdftex.def Info: line_comparison-eps-converted-to.pdf used on input lin
e 1066.
(pdftex.def)             Requested size: 341.43306pt x 239.0034pt.

Underfull \hbox (badness 10000) in paragraph at lines 1048--1068

 []


Underfull \hbox (badness 10000) in paragraph at lines 1048--1068

 []


Underfull \hbox (badness 10000) in paragraph at lines 1048--1068

 []

[27 <./networkfinal.png>] [28 <./bar_comparison-eps-converted-to.pdf> <./line_c
omparison-eps-converted-to.pdf>]

Package caption Warning: The option `hypcap=true' will be ignored for this
(caption)                particular \caption on input line 1092.
See the caption package documentation for explanation.

Package epstopdf Info: Source file: <sf3.eps>
(epstopdf)                    date: 2014-07-02 08:19:57
(epstopdf)                    size: 20324 bytes
(epstopdf)             Output file: <sf3-eps-converted-to.pdf>
(epstopdf)                    date: 2014-07-02 08:49:43
(epstopdf)                    size: 7794 bytes
(epstopdf)             Command: <repstopdf --outfile=sf3-eps-converted-to.pdf s
f3.eps>
(epstopdf)             \includegraphics on input line 1113.
Package epstopdf Info: Output file is already uptodate.
<sf3-eps-converted-to.pdf, id=672, 361.35pt x 252.945pt>
File: sf3-eps-converted-to.pdf Graphic file (type pdf)

<use sf3-eps-converted-to.pdf>
Package pdftex.def Info: sf3-eps-converted-to.pdf used on input line 1113.
(pdftex.def)             Requested size: 426.79134pt x 298.75812pt.
Package epstopdf Info: Source file: <sf4.eps>
(epstopdf)                    date: 2014-07-02 08:19:55
(epstopdf)                    size: 20325 bytes
(epstopdf)             Output file: <sf4-eps-converted-to.pdf>
(epstopdf)                    date: 2014-07-02 08:49:43
(epstopdf)                    size: 7797 bytes
(epstopdf)             Command: <repstopdf --outfile=sf4-eps-converted-to.pdf s
f4.eps>
(epstopdf)             \includegraphics on input line 1119.
Package epstopdf Info: Output file is already uptodate.

<sf4-eps-converted-to.pdf, id=673, 361.35pt x 252.945pt>
File: sf4-eps-converted-to.pdf Graphic file (type pdf)

<use sf4-eps-converted-to.pdf>
Package pdftex.def Info: sf4-eps-converted-to.pdf used on input line 1119.
(pdftex.def)             Requested size: 426.79134pt x 298.75812pt.


Package caption Warning: The option `hypcap=true' will be ignored for this
(caption)                particular \caption on input line 1127.
See the caption package documentation for explanation.


Underfull \hbox (badness 10000) in paragraph at lines 1123--1127

 []

[29]
Underfull \vbox (badness 1552) has occurred while \output is active []

 [30 <./sf3-eps-converted-to.pdf> <./sf4-eps-converted-to.pdf>]

Package caption Warning: The option `hypcap=true' will be ignored for this
(caption)                particular \caption on input line 1145.
See the caption package documentation for explanation.

[31] [32

]
Chapter 5.
(./Project-Report-Template.bbl
Underfull \hbox (badness 10000) in paragraph at lines 1171--1

 []

[33] [34

]
Underfull \hbox (badness 10000) in paragraph at lines 26--29
[]\OT1/cmr/m/n/12 ``Hadoop Ar-chi-tec-ture. Avail-able at []$\OT1/cmtt/m/n/12 h
ttp : / / docs . hortonworks . com /
 []


Underfull \hbox (badness 10000) in paragraph at lines 26--29
\OT1/cmtt/m/n/12 HDPDocuments / HDP2 / HDP-[]2 . 0 . 9 . 0 / bk _ using-[]apach
e-[]hadoop / content / ch _
 []


Underfull \hbox (badness 10000) in paragraph at lines 45--48
[]\OT1/cmr/m/n/12 ``Ganglia In-stal-la-tion. Avail-able at []$\OT1/cmtt/m/n/12 
http : / / www . slashroot . in /
 []


Underfull \hbox (badness 2478) in paragraph at lines 45--48
\OT1/cmtt/m/n/12 how-[]install-[]and-[]configure-[]ganglia-[]gmod-[]and-[]gangl
ia-[]gmetad$[]\OT1/cmr/m/n/12 . Ac-cessed
 []

) [35] [36] [37


] [38]
Appendix A.
[39

] [40]
Missing character: There is no ‚ in font cmtt12!
Missing character: There is no Ä in font cmtt12!
Missing character: There is no ô in font cmtt12!
Missing character: There is no ‚ in font cmtt12!
Missing character: There is no Ä in font cmtt12!
Missing character: There is no ô in font cmtt12!
Missing character: There is no ‚ in font cmtt12!
Missing character: There is no Ä in font cmtt12!
Missing character: There is no ô in font cmtt12!
Missing character: There is no ‚ in font cmtt12!
Missing character: There is no Ä in font cmtt12!
Missing character: There is no ô in font cmtt12!
 [41] [42]
Missing character: There is no ‚ in font cmr12!
Missing character: There is no Ä in font cmr12!
Missing character: There is no ô in font cmr12!
Missing character: There is no ‚ in font cmr12!
Missing character: There is no Ä in font cmr12!
Missing character: There is no ô in font cmr12!
 [43] [44]
Package atveryend Info: Empty hook `BeforeClearDocument' on input line 1495.
 [45]
Package atveryend Info: Empty hook `AfterLastShipout' on input line 1495.
 (./Project-Report-Template.aux)
Package atveryend Info: Executing hook `AtVeryEndDocument' on input line 1495.
Package atveryend Info: Executing hook `AtEndAfterFileList' on input line 1495.

Package rerunfilecheck Info: File `Project-Report-Template.out' has not changed
.
(rerunfilecheck)             Checksum: 17DF7B123C4A453E66B52BF3D89D2F26;2311.


LaTeX Font Warning: Some font shapes were not available, defaults substituted.


LaTeX Warning: There were undefined references.

Package atveryend Info: Empty hook `AtVeryVeryEnd' on input line 1495.
 ) 
Here is how much of TeX's memory you used:
 9964 strings out of 495028
 150146 string characters out of 6181498
 271861 words of memory out of 5000000
 12475 multiletter control sequences out of 15000+600000
 12155 words of font info for 43 fonts, out of 8000000 for 9000
 14 hyphenation exceptions out of 8191
 36i,8n,49p,321b,2019s stack positions out of 5000i,500n,10000p,200000b,80000s
</usr/share/texlive/texmf-dist/fonts/type1/public/amsfonts/cm/cmbx12.pfb></us
r/share/texlive/texmf-dist/fonts/type1/public/amsfonts/cm/cmex10.pfb></usr/shar
e/texlive/texmf-dist/fonts/type1/public/amsfonts/cm/cmitt10.pfb></usr/share/tex
live/texmf-dist/fonts/type1/public/amsfonts/cm/cmmi10.pfb></usr/share/texlive/t
exmf-dist/fonts/type1/public/amsfonts/cm/cmmi12.pfb></usr/share/texlive/texmf-d
ist/fonts/type1/public/amsfonts/cm/cmmi8.pfb></usr/share/texlive/texmf-dist/fon
ts/type1/public/amsfonts/cm/cmr12.pfb></usr/share/texlive/texmf-dist/fonts/type
1/public/amsfonts/cm/cmr17.pfb></usr/share/texlive/texmf-dist/fonts/type1/publi
c/amsfonts/cm/cmr8.pfb></usr/share/texlive/texmf-dist/fonts/type1/public/amsfon
ts/cm/cmsl12.pfb></usr/share/texlive/texmf-dist/fonts/type1/public/amsfonts/cm/
cmsy10.pfb></usr/share/texlive/texmf-dist/fonts/type1/public/amsfonts/cm/cmti12
.pfb></usr/share/texlive/texmf-dist/fonts/type1/public/amsfonts/cm/cmtt10.pfb><
/usr/share/texlive/texmf-dist/fonts/type1/public/amsfonts/cm/cmtt12.pfb>
Output written on Project-Report-Template.pdf (61 pages, 930466 bytes).
PDF statistics:
 1202 PDF objects out of 1440 (max. 8388607)
 1086 compressed objects within 11 object streams
 548 named destinations out of 1000 (max. 500000)
 377 words of extra memory for PDF output out of 10000 (max. 10000000)

