\BOOKMARK [0][-]{chapter.1}{Introduction to Big Data and Benchmarking}{}% 1
\BOOKMARK [1][-]{section.1.1}{Introduction}{chapter.1}% 2
\BOOKMARK [1][-]{section.1.2}{Load Testing}{chapter.1}% 3
\BOOKMARK [1][-]{section.1.3}{Benchmarking}{chapter.1}% 4
\BOOKMARK [1][-]{section.1.4}{Big Data}{chapter.1}% 5
\BOOKMARK [1][-]{section.1.5}{Hadoop}{chapter.1}% 6
\BOOKMARK [0][-]{chapter.2}{Apache Hadoop}{}% 7
\BOOKMARK [1][-]{section.2.1}{Introduction}{chapter.2}% 8
\BOOKMARK [2][-]{subsection.2.1.1}{Hadoop Common}{section.2.1}% 9
\BOOKMARK [2][-]{subsection.2.1.2}{Hadoop Distributed File System}{section.2.1}% 10
\BOOKMARK [2][-]{subsection.2.1.3}{Hadoop Yarn}{section.2.1}% 11
\BOOKMARK [2][-]{subsection.2.1.4}{Hadoop Map-Reduce}{section.2.1}% 12
\BOOKMARK [1][-]{section.2.2}{Installation of a Single Node Cluster}{chapter.2}% 13
\BOOKMARK [1][-]{section.2.3}{Installation of Multi Node Cluster Setup}{chapter.2}% 14
\BOOKMARK [1][-]{section.2.4}{Network Monitoring Tools}{chapter.2}% 15
\BOOKMARK [2][-]{subsection.2.4.1}{Ganglia}{section.2.4}% 16
\BOOKMARK [1][-]{section.2.5}{Apache Hive}{chapter.2}% 17
\BOOKMARK [2][-]{subsection.2.5.1}{Data Model}{section.2.5}% 18
\BOOKMARK [2][-]{subsection.2.5.2}{Query Language}{section.2.5}% 19
\BOOKMARK [2][-]{subsection.2.5.3}{Installation}{section.2.5}% 20
\BOOKMARK [0][-]{chapter.3}{BigBench}{}% 21
\BOOKMARK [1][-]{section.3.1}{Overview}{chapter.3}% 22
\BOOKMARK [1][-]{section.3.2}{Data Model}{chapter.3}% 23
\BOOKMARK [1][-]{section.3.3}{Data Generation}{chapter.3}% 24
\BOOKMARK [1][-]{section.3.4}{Workload}{chapter.3}% 25
\BOOKMARK [1][-]{section.3.5}{Query Execution Times}{chapter.3}% 26
\BOOKMARK [1][-]{section.3.6}{Performance Metric}{chapter.3}% 27
\BOOKMARK [1][-]{section.3.7}{Installation}{chapter.3}% 28
\BOOKMARK [1][-]{section.3.8}{Customization of BigBench}{chapter.3}% 29
\BOOKMARK [0][-]{chapter.4}{Big Data Benchmarking}{}% 30
\BOOKMARK [1][-]{section.4.1}{Setup of Cluster}{chapter.4}% 31
\BOOKMARK [1][-]{section.4.2}{Equations}{chapter.4}% 32
\BOOKMARK [1][-]{section.4.3}{Load Testing}{chapter.4}% 33
\BOOKMARK [1][-]{section.4.4}{Predictive Analysis}{chapter.4}% 34
\BOOKMARK [0][-]{chapter.5}{Conclusion and Future Work}{}% 35
\BOOKMARK [0][-]{section*.19}{Appendices}{}% 36
\BOOKMARK [0][-]{Appendix.1.A}{Query Definitions}{}% 37
